nohup: ignoring input
/data/lijiaxin/anaconda3/envs/torch17/lib/python3.8/site-packages/mmcv/__init__.py:20: UserWarning: On January 1, 2023, MMCV will release v2.0.0, in which it will remove components related to the training process and add a data transformation module. In addition, it will rename the package names mmcv to mmcv-lite and mmcv-full to mmcv. See https://github.com/open-mmlab/mmcv/blob/master/docs/en/compatibility.md for more details.
  warnings.warn(
Called with args:
Namespace(batch_size=None, cfg_file='configs/vgg16_voc2007_ours.yaml', cuda=True, dataset='voc2007', disp_interval=20, iter_size=4, load_ckpt=None, load_detectron=None, lr=None, lr_decay_gamma=None, no_save=False, num_workers=4, optimizer=None, resume=False, set_cfgs=[], start_step=0, use_tfboard=False)
Traceback (most recent call last):
  File "tools/train_net_step.py", line 452, in <module>
    main()
  File "tools/train_net_step.py", line 173, in main
    cfg_from_file(args.cfg_file)
  File "/data/lijiaxin/myWSOD/lib/core/config.py", line 513, in merge_cfg_from_file
    yaml_cfg = AttrDict(yaml.load(f))
  File "/data/lijiaxin/anaconda3/envs/torch17/lib/python3.8/site-packages/yaml/__init__.py", line 72, in load
    return loader.get_single_data()
  File "/data/lijiaxin/anaconda3/envs/torch17/lib/python3.8/site-packages/yaml/constructor.py", line 35, in get_single_data
    node = self.get_single_node()
  File "/data/lijiaxin/anaconda3/envs/torch17/lib/python3.8/site-packages/yaml/composer.py", line 36, in get_single_node
    document = self.compose_document()
  File "/data/lijiaxin/anaconda3/envs/torch17/lib/python3.8/site-packages/yaml/composer.py", line 55, in compose_document
    node = self.compose_node(None, None)
  File "/data/lijiaxin/anaconda3/envs/torch17/lib/python3.8/site-packages/yaml/composer.py", line 84, in compose_node
    node = self.compose_mapping_node(anchor)
  File "/data/lijiaxin/anaconda3/envs/torch17/lib/python3.8/site-packages/yaml/composer.py", line 133, in compose_mapping_node
    item_value = self.compose_node(node, item_key)
  File "/data/lijiaxin/anaconda3/envs/torch17/lib/python3.8/site-packages/yaml/composer.py", line 84, in compose_node
    node = self.compose_mapping_node(anchor)
  File "/data/lijiaxin/anaconda3/envs/torch17/lib/python3.8/site-packages/yaml/composer.py", line 127, in compose_mapping_node
    while not self.check_event(MappingEndEvent):
  File "/data/lijiaxin/anaconda3/envs/torch17/lib/python3.8/site-packages/yaml/parser.py", line 98, in check_event
    self.current_event = self.state()
  File "/data/lijiaxin/anaconda3/envs/torch17/lib/python3.8/site-packages/yaml/parser.py", line 428, in parse_block_mapping_key
    if self.check_token(KeyToken):
  File "/data/lijiaxin/anaconda3/envs/torch17/lib/python3.8/site-packages/yaml/scanner.py", line 115, in check_token
    while self.need_more_tokens():
  File "/data/lijiaxin/anaconda3/envs/torch17/lib/python3.8/site-packages/yaml/scanner.py", line 149, in need_more_tokens
    self.stale_possible_simple_keys()
  File "/data/lijiaxin/anaconda3/envs/torch17/lib/python3.8/site-packages/yaml/scanner.py", line 288, in stale_possible_simple_keys
    raise ScannerError("while scanning a simple key", key.mark,
yaml.scanner.ScannerError: while scanning a simple key
  in "configs/vgg16_voc2007_ours.yaml", line 27, column 3
could not find expected ':'
  in "configs/vgg16_voc2007_ours.yaml", line 28, column 1
